<?xml version="1.0" encoding="UTF-8" ?>
<testsuite errors="0" failures="0" hostname="archlinux" name="dao.DaoDesempenhoIT" skipped="0" tests="4" time="2.395" timestamp="2019-06-18T01:04:12">
  <properties>
    <property name="netbeans.autoupdate.country" value="BR" />
    <property name="javac.test.classpath" value="/home/jose/netbeans-8.2/ide/modules/ext/mysql-connector-java-5.1.23-bin.jar:/home/jose/Downloads/itextpdf-5.5.10.jar:/home/jose/Downloads/itextpdf-5.5.10.jar:build/classes:/home/jose/netbeans-8.2/platform/modules/ext/junit-4.12.jar:/home/jose/netbeans-8.2/platform/modules/ext/hamcrest-core-1.3.jar" />
    <property name="javac.includes" value="dao/DaoDesempenhoIT.java" />
    <property name="ant.core.lib" value="/home/jose/netbeans-8.2/extide/ant/lib/ant.jar" />
    <property name="file.reference.itextpdf-5.5.10.jar-1" value="/home/jose/Downloads/itextpdf-5.5.10.jar" />
    <property name="javadoc.windowtitle" value="" />
    <property name="user.dir" value="/home/jose/Desktop/Desempenho-Tecnico" />
    <property name="java.vm.version" value="25.111-b14" />
    <property name="libs.MySQLDriver.classpath" value="/home/jose/netbeans-8.2/ide/modules/ext/mysql-connector-java-5.1.23-bin.jar" />
    <property name="libs.eclipselinkmodelgen.src" value="" />
    <property name="javadoc.notree" value="false" />
    <property name="netbeans.autoupdate.version" value="1.23" />
    <property name="javac.profile.cmd.line.arg" value="" />
    <property name="jdk.home" value="/home/jose/jdk1.8.0_111" />
    <property name="libs.javac-api.src" value="" />
    <property name="javadoc.noindex" value="false" />
    <property name="libs.jpa2-persistence.classpath" value="/home/jose/netbeans-8.2/java/modules/ext/hibernate4/hibernate-jpa-2.1-api-1.0.0.Final.jar" />
    <property name="sun.os.patch.level" value="unknown" />
    <property name="do.archive+manifest.available" value="true" />
    <property name="java.vm.specification.name" value="Java Virtual Machine Specification" />
    <property name="nb.show.statistics.ui" value="usageStatisticsEnabled" />
    <property name="netbeans.autoupdate.variant" value="" />
    <property name="have.tests" value="true" />
    <property name="addExports:java.desktop/com.sun.java.swing.plaf.gtk" value="ALL-UNNAMED" />
    <property name="org.xml.sax.driver" value="com.sun.org.apache.xerces.internal.jaxp.SAXParserImpl$JAXPSAXParser" />
    <property name="libs.hamcrest.classpath" value="/home/jose/netbeans-8.2/platform/modules/ext/hamcrest-core-1.3.jar" />
    <property name="libs.javac-api.javadoc" value="" />
    <property name="os.name" value="Linux" />
    <property name="test.class" value="dao.DaoDesempenhoIT" />
    <property name="libs.beans-binding.classpath" value="/home/jose/netbeans-8.2/java/modules/ext/beansbinding-1.2.1.jar" />
    <property name="ap.proc.none.internal" value="" />
    <property name="libs.JWSAntTasks.maven-pom" value="" />
    <property name="libs.testng.src" value="" />
    <property name="java.vendor.url.bug" value="http://bugreport.sun.com/bugreport/" />
    <property name="libs.jaxb.maven-pom" value="" />
    <property name="os.arch" value="amd64" />
    <property name="libs.eclipselink.src" value="" />
    <property name="user.name" value="jose" />
    <property name="copylibs.rebase" value="true" />
    <property name="libs.swing-layout.maven-pom" value="" />
    <property name="sun.java.command" value="org.apache.tools.ant.taskdefs.optional.junit.JUnitTestRunner dao.DaoDesempenhoIT skipNonTests=false filtertrace=true haltOnError=false haltOnFailure=false showoutput=true outputtoformatters=true logfailedtests=true threadid=0 logtestlistenerevents=true formatter=org.apache.tools.ant.taskdefs.optional.junit.BriefJUnitResultFormatter formatter=org.apache.tools.ant.taskdefs.optional.junit.XMLJUnitResultFormatter,/home/jose/Desktop/Desempenho-Tecnico/build/test/results/TEST-dao.DaoDesempenhoIT.xml crashfile=/home/jose/Desktop/Desempenho-Tecnico/build/junitvmwatcher2564635303424781127.properties propsfile=/home/jose/Desktop/Desempenho-Tecnico/build/junit5616748542787226902.properties" />
    <property name="build.classes.dir" value="build/classes" />
    <property name="netbeans.accept_license_class" value="org.netbeans.license.AcceptLicense" />
    <property name="build.sysclasspath" value="ignore" />
    <property name="manifest.encoding" value="UTF-8" />
    <property name="ap.supported.internal" value="true" />
    <property name="java.failonerror" value="true" />
    <property name="libs.jaxws21.javadoc" value="/home/jose/netbeans-8.2/java/docs/jaxws-api-doc.zip" />
    <property name="includes" value="**" />
    <property name="user.country" value="BR" />
    <property name="manifest.file" value="manifest.mf" />
    <property name="addExports:java.desktop/sun.awt" value="ALL-UNNAMED" />
    <property name="ant.file.type.DesempenhoTecnicoDeUmAtleta(Oficial)-impl" value="file" />
    <property name="javadoc.encoding" value="UTF-8" />
    <property name="javac.classpath" value="/home/jose/netbeans-8.2/ide/modules/ext/mysql-connector-java-5.1.23-bin.jar:/home/jose/Downloads/itextpdf-5.5.10.jar:/home/jose/Downloads/itextpdf-5.5.10.jar" />
    <property name="libs.JAVADB_DRIVER_LABEL.src" value="" />
    <property name="libs.spring-framework400.classpath" value="/home/jose/netbeans-8.2/ide/modules/org-apache-commons-logging.jar:/home/jose/netbeans-8.2/java/modules/ext/cglib-2.2.jar:/home/jose/netbeans-8.2/java/modules/ext/spring-4/spring-aop-4.0.1.RELEASE.jar:/home/jose/netbeans-8.2/java/modules/ext/spring-4/spring-aspects-4.0.1.RELEASE.jar:/home/jose/netbeans-8.2/java/modules/ext/spring-4/spring-beans-4.0.1.RELEASE.jar:/home/jose/netbeans-8.2/java/modules/ext/spring-4/spring-build-src-4.0.1.RELEASE.jar:/home/jose/netbeans-8.2/java/modules/ext/spring-4/spring-context-4.0.1.RELEASE.jar:/home/jose/netbeans-8.2/java/modules/ext/spring-4/spring-context-support-4.0.1.RELEASE.jar:/home/jose/netbeans-8.2/java/modules/ext/spring-4/spring-core-4.0.1.RELEASE.jar:/home/jose/netbeans-8.2/java/modules/ext/spring-4/spring-expression-4.0.1.RELEASE.jar:/home/jose/netbeans-8.2/java/modules/ext/spring-4/spring-framework-bom-4.0.1.RELEASE.jar:/home/jose/netbeans-8.2/java/modules/ext/spring-4/spring-instrument-4.0.1.RELEASE.jar:/home/jose/netbeans-8.2/java/modules/ext/spring-4/spring-instrument-tomcat-4.0.1.RELEASE.jar:/home/jose/netbeans-8.2/java/modules/ext/spring-4/spring-jdbc-4.0.1.RELEASE.jar:/home/jose/netbeans-8.2/java/modules/ext/spring-4/spring-jms-4.0.1.RELEASE.jar:/home/jose/netbeans-8.2/java/modules/ext/spring-4/spring-messaging-4.0.1.RELEASE.jar:/home/jose/netbeans-8.2/java/modules/ext/spring-4/spring-orm-4.0.1.RELEASE.jar:/home/jose/netbeans-8.2/java/modules/ext/spring-4/spring-oxm-4.0.1.RELEASE.jar:/home/jose/netbeans-8.2/java/modules/ext/spring-4/spring-test-4.0.1.RELEASE.jar:/home/jose/netbeans-8.2/java/modules/ext/spring-4/spring-tx-4.0.1.RELEASE.jar:/home/jose/netbeans-8.2/java/modules/ext/spring-4/spring-web-4.0.1.RELEASE.jar:/home/jose/netbeans-8.2/java/modules/ext/spring-4/spring-webmvc-4.0.1.RELEASE.jar:/home/jose/netbeans-8.2/java/modules/ext/spring-4/spring-webmvc-portlet-4.0.1.RELEASE.jar:/home/jose/netbeans-8.2/java/modules/ext/spring-4/spring-websocket-4.0.1.RELEASE.jar" />
    <property name="debug-transport" value="dt_socket" />
    <property name="netbeans.home" value="/home/jose/netbeans-8.2/platform" />
    <property name="build.compiler.emacs" value="true" />
    <property name="java.endorsed.dirs" value="/home/jose/jdk1.8.0_111/jre/lib/endorsed" />
    <property name="test.includes" value="dao/DaoDesempenhoIT.java" />
    <property name="netbeans.dynamic.classpath" value="/home/jose/netbeans-8.2/platform/core/asm-all-5.0.1.jar:/home/jose/netbeans-8.2/platform/core/org-netbeans-libs-asm.jar:/home/jose/netbeans-8.2/platform/core/org-openide-filesystems.jar:/home/jose/netbeans-8.2/platform/core/core-base.jar:/home/jose/netbeans-8.2/platform/core/core.jar:/home/jose/netbeans-8.2/platform/core/org-openide-filesystems-compat8.jar:/home/jose/netbeans-8.2/platform/core/locale/core-base_ru.jar:/home/jose/netbeans-8.2/platform/core/locale/org-netbeans-libs-asm_ru.jar:/home/jose/netbeans-8.2/platform/core/locale/core-base_pt_BR.jar:/home/jose/netbeans-8.2/platform/core/locale/org-netbeans-libs-asm_ja.jar:/home/jose/netbeans-8.2/platform/core/locale/org-netbeans-libs-asm_pt_BR.jar:/home/jose/netbeans-8.2/platform/core/locale/org-netbeans-libs-asm_zh_CN.jar:/home/jose/netbeans-8.2/platform/core/locale/core_zh_CN.jar:/home/jose/netbeans-8.2/platform/core/locale/org-openide-filesystems-compat8_pt_BR.jar:/home/jose/netbeans-8.2/platform/core/locale/org-openide-filesystems-compat8_zh_CN.jar:/home/jose/netbeans-8.2/platform/core/locale/org-openide-filesystems_zh_CN.jar:/home/jose/netbeans-8.2/platform/core/locale/org-openide-filesystems_ja.jar:/home/jose/netbeans-8.2/platform/core/locale/core-base_zh_CN.jar:/home/jose/netbeans-8.2/platform/core/locale/core-base_ja.jar:/home/jose/netbeans-8.2/platform/core/locale/core_ja.jar:/home/jose/netbeans-8.2/platform/core/locale/org-openide-filesystems-compat8_ru.jar:/home/jose/netbeans-8.2/platform/core/locale/core_pt_BR.jar:/home/jose/netbeans-8.2/platform/core/locale/core_ru.jar:/home/jose/netbeans-8.2/platform/core/locale/org-openide-filesystems_ru.jar:/home/jose/netbeans-8.2/platform/core/locale/org-openide-filesystems_pt_BR.jar:/home/jose/netbeans-8.2/platform/core/locale/org-openide-filesystems-compat8_ja.jar:/home/jose/netbeans-8.2/nb/core/org-netbeans-upgrader.jar:/home/jose/netbeans-8.2/nb/core/locale/core_nb_zh_CN.jar:/home/jose/netbeans-8.2/nb/core/locale/org-netbeans-upgrader_ja.jar:/home/jose/netbeans-8.2/nb/core/locale/core_nb_pt_BR.jar:/home/jose/netbeans-8.2/nb/core/locale/core_nb_ja.jar:/home/jose/netbeans-8.2/nb/core/locale/core_nb.jar:/home/jose/netbeans-8.2/nb/core/locale/org-netbeans-upgrader_pt_BR.jar:/home/jose/netbeans-8.2/nb/core/locale/org-netbeans-upgrader_zh_CN.jar:/home/jose/netbeans-8.2/nb/core/locale/core_nb_ru.jar:/home/jose/netbeans-8.2/nb/core/locale/org-netbeans-upgrader_ru.jar" />
    <property name="java.vm.specification.version" value="1.8" />
    <property name="libs.hibernate4-support.src" value="" />
    <property name="netbeans.productversion" value="NetBeans IDE 8.2 (Build 201609300101)" />
    <property name="ant.file.DesempenhoTecnicoDeUmAtleta(Oficial)" value="/home/jose/Desktop/Desempenho-Tecnico/build.xml" />
    <property name="libs.jaxws21.src" value="" />
    <property name="do.archive" value="true" />
    <property name="netbeans.autoupdate.language" value="pt" />
    <property name="java.vendor" value="Oracle Corporation" />
    <property name="sun.font.fontmanager" value="sun.awt.X11FontManager" />
    <property name="jar.index.metainf" value="false" />
    <property name="javac.debug" value="true" />
    <property name="javadoc.splitindex" value="true" />
    <property name="file.separator" value="/" />
    <property name="javac.includesfile.binary" value="/home/jose/Desktop/Desempenho-Tecnico/null1682819545" />
    <property name="libs.junit_4.maven-pom" value="" />
    <property name="mkdist.disabled" value="false" />
    <property name="javac.test.processorpath" value="/home/jose/netbeans-8.2/ide/modules/ext/mysql-connector-java-5.1.23-bin.jar:/home/jose/Downloads/itextpdf-5.5.10.jar:/home/jose/Downloads/itextpdf-5.5.10.jar:build/classes:/home/jose/netbeans-8.2/platform/modules/ext/junit-4.12.jar:/home/jose/netbeans-8.2/platform/modules/ext/hamcrest-core-1.3.jar" />
    <property name="netbeans.buildnumber" value="201609300101" />
    <property name="libs.JWSAntTasks.javadoc" value="" />
    <property name="build.generated.sources.dir" value="build/generated-sources" />
    <property name="libs.eclipselinkmodelgen.classpath" value="/home/jose/netbeans-8.2/java/modules/ext/eclipselink/org.eclipse.persistence.jpa.modelgen_2.5.2.v20140319-9ad6abd.jar" />
    <property name="sun.java.launcher" value="SUN_STANDARD" />
    <property name="libs.hibernate4-persistencemodelgen.javadoc" value="" />
    <property name="libs.jaxb.javadoc" value="/home/jose/netbeans-8.2/ide/docs/jaxb-api-doc.zip" />
    <property name="org.openide.awt.SwingBrowserImpl.do-not-block-awt" value="false" />
    <property name="javac.includes.binary" value="/home/jose/Desktop/Desempenho-Tecnico/build/test/classes/dao/DaoDesempenhoIT.class" />
    <property name="ant.home" value="/home/jose/netbeans-8.2/extide/ant" />
    <property name="libs.junit_4.src" value="/home/jose/netbeans-8.2/platform/docs/junit-4.12-sources.jar" />
    <property name="libs.testng.classpath" value="/home/jose/netbeans-8.2/platform/modules/ext/testng-6.8.1-dist.jar" />
    <property name="libs.absolutelayout.maven-pom" value="" />
    <property name="ant.java.version" value="1.8" />
    <property name="java.library.path" value="/home/jose/jdk1.8.0_111/jre/lib/amd64:/home/jose/jdk1.8.0_111/jre/lib/i386::/usr/java/packages/lib/amd64:/usr/lib64:/lib64:/lib:/usr/lib" />
    <property name="javadoc.author" value="false" />
    <property name="java.util.logging.config.class" value="org.netbeans.core.startup.TopLogging" />
    <property name="libs.spring-framework400.src" value="" />
    <property name="libs.PostgreSQLDriver.src" value="" />
    <property name="sun.arch.data.model" value="64" />
    <property name="basedir" value="/home/jose/Desktop/Desempenho-Tecnico" />
    <property name="libs.jpa20-persistence.maven-pom" value="" />
    <property name="jar.compress" value="false" />
    <property name="path.separator" value=":" />
    <property name="ant.junit.enabletestlistenerevents" value="true" />
    <property name="sun.io.unicode.encoding" value="UnicodeLittle" />
    <property name="libs.jaxws21.classpath" value="/home/jose/netbeans-8.2/ide/modules/ext/jaxb/jaxb-impl.jar:/home/jose/netbeans-8.2/ide/modules/ext/jaxb/jaxb-xjc.jar:/home/jose/netbeans-8.2/java/modules/ext/jaxws22/FastInfoset.jar:/home/jose/netbeans-8.2/java/modules/ext/jaxws22/gmbal-api-only.jar:/home/jose/netbeans-8.2/java/modules/ext/jaxws22/ha-api.jar:/home/jose/netbeans-8.2/java/modules/ext/jaxws22/javax.mail_1.4.jar:/home/jose/netbeans-8.2/java/modules/ext/jaxws22/jaxws-rt.jar:/home/jose/netbeans-8.2/java/modules/ext/jaxws22/jaxws-tools.jar:/home/jose/netbeans-8.2/java/modules/ext/jaxws22/management-api.jar:/home/jose/netbeans-8.2/java/modules/ext/jaxws22/mimepull.jar:/home/jose/netbeans-8.2/java/modules/ext/jaxws22/policy.jar:/home/jose/netbeans-8.2/java/modules/ext/jaxws22/saaj-impl.jar:/home/jose/netbeans-8.2/java/modules/ext/jaxws22/stax-ex.jar:/home/jose/netbeans-8.2/java/modules/ext/jaxws22/stax2-api.jar:/home/jose/netbeans-8.2/java/modules/ext/jaxws22/streambuffer.jar:/home/jose/netbeans-8.2/java/modules/ext/jaxws22/woodstox-core-asl.jar:/home/jose/netbeans-8.2/java/modules/ext/jaxws22/api/jaxws-api.jar:/home/jose/netbeans-8.2/java/modules/ext/jaxws22/api/jsr181-api.jar:/home/jose/netbeans-8.2/java/modules/ext/jaxws22/api/javax.annotation.jar:/home/jose/netbeans-8.2/java/modules/ext/jaxws22/api/saaj-api.jar:/home/jose/netbeans-8.2/ide/modules/ext/jaxb/activation.jar:/home/jose/netbeans-8.2/ide/modules/ext/jaxb/api/jaxb-api.jar:/home/jose/netbeans-8.2/ide/modules/ext/jaxb/api/jsr173_1.0_api.jar" />
    <property name="apple.awt.graphics.UseQuartz" value="true" />
    <property name="addExports:java.desktop/sun.awt.im" value="ALL-UNNAMED" />
    <property name="user.language" value="pt" />
    <property name="testng.mode" value="testng" />
    <property name="libs.JAXB-ENDORSED.maven-pom" value="" />
    <property name="libs.eclipselink.maven-pom" value="" />
    <property name="test.binaryincludes" value="&lt;nothing&gt;" />
    <property name="manifest.available" value="true" />
    <property name="libs.spring-framework300.maven-pom" value="" />
    <property name="run.test.classpath" value="/home/jose/netbeans-8.2/ide/modules/ext/mysql-connector-java-5.1.23-bin.jar:/home/jose/Downloads/itextpdf-5.5.10.jar:/home/jose/Downloads/itextpdf-5.5.10.jar:build/classes:/home/jose/netbeans-8.2/platform/modules/ext/junit-4.12.jar:/home/jose/netbeans-8.2/platform/modules/ext/hamcrest-core-1.3.jar:build/test/classes" />
    <property name="ant.project.invoked-targets" value="test-single" />
    <property name="test.binaryexcludes" value="" />
    <property name="libs.swing-layout.javadoc" value="/home/jose/netbeans-8.2/platform/docs/swing-layout-1.0.4-doc.zip" />
    <property name="sun.java2d.dpiaware" value="true" />
    <property name="libs.hibernate4-persistence.maven-pom" value="" />
    <property name="addExports:java.base/jdk.internal.jrtfs" value="ALL-UNNAMED" />
    <property name="https.nonProxyHosts" value="localhost|127.0.0.1|archlinux" />
    <property name="libs.PostgreSQLDriver.maven-pom" value="" />
    <property name="java.class.version" value="52.0" />
    <property name="libs.JAVADB_DRIVER_LABEL.classpath" value="/home/jose/jdk1.8.0_111/db/lib/derby.jar:/home/jose/jdk1.8.0_111/db/lib/derbyclient.jar:/home/jose/jdk1.8.0_111/db/lib/derbynet.jar" />
    <property name="libs.hibernate4-persistencemodelgen.maven-pom" value="" />
    <property name="libs.eclipselink.javadoc" value="/home/jose/netbeans-8.2/java/modules/ext/docs/javax.persistence-2.1.0-doc.zip" />
    <property name="user.properties.file" value="/home/jose/.netbeans/8.2/build.properties" />
    <property name="runtime.encoding" value="UTF-8" />
    <property name="libs.javac-api.maven-pom" value="" />
    <property name="file.encoding.pkg" value="sun.io" />
    <property name="sun.cpu.endian" value="little" />
    <property name="libs.JAXB-ENDORSED.javadoc" value="" />
    <property name="libs.JWSAntTasks.classpath" value="/home/jose/netbeans-8.2/java/ant/extra/org-netbeans-modules-javawebstart-anttasks.jar" />
    <property name="libs.spring-framework300.src" value="" />
    <property name="empty.dir" value="/home/jose/Desktop/Desempenho-Tecnico/build/empty" />
    <property name="version-output" value="java version &quot;1.8" />
    <property name="test.binarytestincludes" value="" />
    <property name="libs.hibernate4-persistencemodelgen.src" value="" />
    <property name="javadoc.preview" value="true" />
    <property name="libs.jpa20-persistence.javadoc" value="/home/jose/netbeans-8.2/java/modules/ext/docs/javax.persistence-2.1.0-doc.zip" />
    <property name="java.home" value="/home/jose/jdk1.8.0_111/jre" />
    <property name="debug.test.classpath" value="/home/jose/netbeans-8.2/ide/modules/ext/mysql-connector-java-5.1.23-bin.jar:/home/jose/Downloads/itextpdf-5.5.10.jar:/home/jose/Downloads/itextpdf-5.5.10.jar:build/classes:/home/jose/netbeans-8.2/platform/modules/ext/junit-4.12.jar:/home/jose/netbeans-8.2/platform/modules/ext/hamcrest-core-1.3.jar:build/test/classes" />
    <property name="netbeans.importclass" value="org.netbeans.upgrade.AutoUpgrade" />
    <property name="ant.project.default-target" value="default" />
    <property name="annotation.processing.run.all.processors" value="true" />
    <property name="libs.PostgreSQLDriver.javadoc" value="" />
    <property name="libs.MySQLDriver.maven-pom" value="" />
    <property name="libs.hibernate4-persistence.javadoc" value="/home/jose/netbeans-8.2/java/modules/ext/docs/javax.persistence-2.1.0-doc.zip" />
    <property name="http.nonProxyHosts" value="localhost|127.0.0.1|archlinux" />
    <property name="libs.junit_4.javadoc" value="/home/jose/netbeans-8.2/platform/docs/junit-4.12-javadoc.jar" />
    <property name="run.classpath" value="/home/jose/netbeans-8.2/ide/modules/ext/mysql-connector-java-5.1.23-bin.jar:/home/jose/Downloads/itextpdf-5.5.10.jar:/home/jose/Downloads/itextpdf-5.5.10.jar:build/classes" />
    <property name="jna.boot.library.name" value="jnidispatch-422" />
    <property name="sun.awt.datatransfer.timeout" value="1000" />
    <property name="libs.jpa2-persistence.maven-pom" value="" />
    <property name="annotation.processing.enabled.in.editor" value="false" />
    <property name="libs.hibernate4-support.classpath" value="/home/jose/netbeans-8.2/java/modules/ext/hibernate4/antlr-2.7.7.jar:/home/jose/netbeans-8.2/java/modules/ext/hibernate4/c3p0-0.9.2.1.jar:/home/jose/netbeans-8.2/java/modules/ext/hibernate4/hibernate-c3p0-4.3.1.Final.jar:/home/jose/netbeans-8.2/java/modules/ext/hibernate4/mchange-commons-java-0.2.3.4.jar:/home/jose/netbeans-8.2/java/modules/ext/hibernate4/dom4j-1.6.1.jar:/home/jose/netbeans-8.2/java/modules/ext/hibernate4/ehcache-core-2.4.3.jar:/home/jose/netbeans-8.2/java/modules/ext/hibernate4/hibernate-ehcache-4.3.1.Final.jar:/home/jose/netbeans-8.2/java/modules/ext/hibernate4/hibernate-core-4.3.1.Final.jar:/home/jose/netbeans-8.2/java/modules/ext/hibernate4/jboss-logging-3.1.3.GA.jar:/home/jose/netbeans-8.2/java/modules/ext/hibernate4/hibernate-commons-annotations-4.0.4.Final.jar:/home/jose/netbeans-8.2/java/modules/ext/hibernate4/hibernate-entitymanager-4.3.1.Final.jar:/home/jose/netbeans-8.2/java/modules/ext/hibernate4/javassist-3.18.1-GA.jar:/home/jose/netbeans-8.2/java/modules/ext/hibernate4/jboss-transaction-api_1.2_spec-1.0.0.Final.jar:/home/jose/netbeans-8.2/java/modules/ext/hibernate4/slf4j-api-1.6.1.jar:/home/jose/netbeans-8.2/java/modules/ext/hibernate4/slf4j-simple-1.6.1.jar" />
    <property name="nb.native.filechooser" value="false" />
    <property name="sun.management.compiler" value="HotSpot 64-Bit Tiered Compilers" />
    <property name="javac.deprecation" value="false" />
    <property name="javadoc.use" value="true" />
    <property name="sun.java2d.noddraw" value="true" />
    <property name="javac.processorpath" value="/home/jose/netbeans-8.2/ide/modules/ext/mysql-connector-java-5.1.23-bin.jar:/home/jose/Downloads/itextpdf-5.5.10.jar:/home/jose/Downloads/itextpdf-5.5.10.jar" />
    <property name="libs.hamcrest.maven-pom" value="" />
    <property name="javac.compilerargs" value="" />
    <property name="ant.file" value="/home/jose/Desktop/Desempenho-Tecnico/build.xml" />
    <property name="ant.file.DesempenhoTecnicoDeUmAtleta(Oficial)-impl" value="/home/jose/Desktop/Desempenho-Tecnico/nbproject/build-impl.xml" />
    <property name="libs.beans-binding.maven-pom" value="" />
    <property name="libs.hibernate4-support.javadoc" value="/home/jose/netbeans-8.2/java/modules/ext/docs/javax.persistence-2.1.0-doc.zip" />
    <property name="libs.beans-binding.src" value="" />
    <property name="java.vm.specification.vendor" value="Oracle Corporation" />
    <property name="libs.swing-layout.src" value="/home/jose/netbeans-8.2/platform/docs/swing-layout-1.0.4-src.zip" />
    <property name="org.openide.major.version" value="IDE/1" />
    <property name="java.vm.name" value="Java HotSpot(TM) 64-Bit Server VM" />
    <property name="netbeans.user" value="/home/jose/.netbeans/8.2" />
    <property name="javadoc.additionalparam" value="" />
    <property name="java.io.tmpdir" value="/tmp" />
    <property name="java.vendor.url" value="http://java.oracle.com/" />
    <property name="endorsed.classpath.cmd.line.arg" value="" />
    <property name="jna.loaded" value="true" />
    <property name="junit.available" value="true" />
    <property name="org.openide.awt.ActionReference.completion" value="org.netbeans.modules.apisupport.project.layers.PathCompletions" />
    <property name="sun.boot.library.path" value="/home/jose/jdk1.8.0_111/jre/lib/amd64" />
    <property name="have.sources" value="true" />
    <property name="libs.hamcrest.javadoc" value="" />
    <property name="debug.classpath" value="/home/jose/netbeans-8.2/ide/modules/ext/mysql-connector-java-5.1.23-bin.jar:/home/jose/Downloads/itextpdf-5.5.10.jar:/home/jose/Downloads/itextpdf-5.5.10.jar:build/classes" />
    <property name="javac.external.vm" value="true" />
    <property name="javadoc.private" value="false" />
    <property name="test.src.dir" value="test" />
    <property name="ap.processors.internal" value="" />
    <property name="meta.inf.dir" value="src/META-INF" />
    <property name="javadoc.encoding.used" value="UTF-8" />
    <property name="dist.jar" value="dist/DesempenhoTecnicoDeUmAtleta_Oficial_.jar" />
    <property name="libs.spring-framework400.maven-pom" value="" />
    <property name="java.runtime.name" value="Java(TM) SE Runtime Environment" />
    <property name="ant.project.name" value="DesempenhoTecnicoDeUmAtleta(Oficial)" />
    <property name="netbeans.hash.code" value="unique=NBJDK_EXTIDE_JAVA_JDK0ebe11244-c39e-4b92-8173-4d2b82aee538_f5c87bb1-05cf-4bdb-b9a2-46c45746063c" />
    <property name="netbeans.default_userdir_root" value="/home/jose/.netbeans" />
    <property name="sun.cpu.isalist" value="" />
    <property name="libs.spring-framework400.javadoc" value="" />
    <property name="libs.CopyLibs.javadoc" value="" />
    <property name="org.openide.specification.version" value="6.2" />
    <property name="user.home" value="/home/jose" />
    <property name="annotation.processing.processors.list" value="" />
    <property name="debug-args-line" value="-Xdebug" />
    <property name="libs.JWSAntTasks.src" value="" />
    <property name="jar.index" value="false" />
    <property name="libs.CopyLibs.maven-pom" value="" />
    <property name="libs.spring-framework300.javadoc" value="" />
    <property name="libs.absolutelayout.javadoc" value="" />
    <property name="java.specification.name" value="Java Platform API Specification" />
    <property name="do.archive+main.class.available" value="true" />
    <property name="java.specification.vendor" value="Oracle Corporation" />
    <property name="libs.javac-api.classpath" value="/home/jose/netbeans-8.2/java/modules/ext/nb-javac-api.jar" />
    <property name="java.version" value="1.8.0_111" />
    <property name="run.jvmargs.ide" value="" />
    <property name="javadoc.version" value="false" />
    <property name="libs.MySQLDriver.javadoc" value="" />
    <property name="org.openide.version" value="deprecated" />
    <property name="platform.java" value="/home/jose/jdk1.8.0_111/jre/bin/java" />
    <property name="source.encoding" value="UTF-8" />
    <property name="ap.cmd.line.internal" value="" />
    <property name="libs.eclipselinkmodelgen.maven-pom" value="" />
    <property name="libs.eclipselinkmodelgen.javadoc" value="" />
    <property name="netbeans.home+have.tests" value="true" />
    <property name="annotation.processing.processor.options" value="" />
    <property name="libs.testng.maven-pom" value="" />
    <property name="libs.jaxb.src" value="" />
    <property name="work.dir" value="/home/jose/Desktop/Desempenho-Tecnico" />
    <property name="libs.jaxb.classpath" value="/home/jose/netbeans-8.2/ide/modules/ext/jaxb/jaxb-impl.jar:/home/jose/netbeans-8.2/ide/modules/ext/jaxb/jaxb-xjc.jar:/home/jose/netbeans-8.2/ide/modules/ext/jaxb/jaxb1-impl.jar:/home/jose/netbeans-8.2/ide/modules/ext/jaxb/activation.jar:/home/jose/netbeans-8.2/ide/modules/ext/jaxb/api/jaxb-api.jar:/home/jose/netbeans-8.2/ide/modules/ext/jaxb/api/jsr173_1.0_api.jar" />
    <property name="do.depend" value="false" />
    <property name="dist.javadoc.dir" value="dist/javadoc" />
    <property name="libs.swing-layout.classpath" value="/home/jose/netbeans-8.2/platform/modules/ext/swing-layout-1.0.4.jar" />
    <property name="build.generated.dir" value="build/generated" />
    <property name="javac.source" value="1.8" />
    <property name="line.separator" value="&#xa;" />
    <property name="java.specification.version" value="1.8" />
    <property name="libs.jaxws21.maven-pom" value="" />
    <property name="java.vm.info" value="mixed mode" />
    <property name="nb.junit.batch" value="true" />
    <property name="junit.forkmode" value="perTest" />
    <property name="addExports:java.management/sun.management" value="ALL-UNNAMED" />
    <property name="sun.boot.class.path" value="/home/jose/jdk1.8.0_111/jre/lib/resources.jar:/home/jose/jdk1.8.0_111/jre/lib/rt.jar:/home/jose/jdk1.8.0_111/jre/lib/sunrsasign.jar:/home/jose/jdk1.8.0_111/jre/lib/jsse.jar:/home/jose/jdk1.8.0_111/jre/lib/jce.jar:/home/jose/jdk1.8.0_111/jre/lib/charsets.jar:/home/jose/jdk1.8.0_111/jre/lib/jfr.jar:/home/jose/jdk1.8.0_111/jre/classes" />
    <property name="javac.target" value="1.8" />
    <property name="built-jar.properties" value="/home/jose/Desktop/Desempenho-Tecnico/build/built-jar.properties" />
    <property name="build.test.classes.dir" value="build/test/classes" />
    <property name="src.dir" value="src" />
    <property name="annotation.processing.enabled" value="true" />
    <property name="libs.jpa2-persistence.src" value="" />
    <property name="ant.file.type.DesempenhoTecnicoDeUmAtleta(Oficial)" value="file" />
    <property name="libs.jpa20-persistence.src" value="" />
    <property name="libs.JAVADB_DRIVER_LABEL.maven-pom" value="" />
    <property name="dist.dir" value="dist" />
    <property name="testng.debug.mode" value="" />
    <property name="javac.fork" value="true" />
    <property name="java.awt.printerjob" value="sun.print.PSPrinterJob" />
    <property name="default.javac.source" value="1.8" />
    <property name="debug-transport-by-os" value="dt_socket" />
    <property name="libs.MySQLDriver.src" value="" />
    <property name="sun.jnu.encoding" value="UTF-8" />
    <property name="java.runtime.version" value="1.8.0_111-b14" />
    <property name="build.test.results.dir" value="build/test/results" />
    <property name="jna.platform.library.path" value="/usr/lib64:/lib64:/usr/lib:/lib:/usr/lib32:/usr/lib/libfakeroot" />
    <property name="default.javac.target" value="1.8" />
    <property name="libs.junit_4.classpath" value="/home/jose/netbeans-8.2/platform/modules/ext/junit-4.12.jar" />
    <property name="file.reference.itextpdf-5.5.10.jar" value="/home/jose/Downloads/itextpdf-5.5.10.jar" />
    <property name="user.timezone" value="" />
    <property name="nb.junit.single" value="false" />
    <property name="libs.JAVADB_DRIVER_LABEL.javadoc" value="" />
    <property name="netbeans.dirs" value="/home/jose/netbeans-8.2/nb:/home/jose/netbeans-8.2/ergonomics:/home/jose/netbeans-8.2/ide:/home/jose/netbeans-8.2/extide:/home/jose/netbeans-8.2/java:/home/jose/netbeans-8.2/apisupport:/home/jose/netbeans-8.2/webcommon:/home/jose/netbeans-8.2/websvccommon:/home/jose/netbeans-8.2/enterprise:/home/jose/netbeans-8.2/mobility:/home/jose/netbeans-8.2/profiler:/home/jose/netbeans-8.2/python:/home/jose/netbeans-8.2/php:/home/jose/netbeans-8.2/identity:/home/jose/netbeans-8.2/harness:/home/jose/netbeans-8.2/cnd:/home/jose/netbeans-8.2/cndext:/home/jose/netbeans-8.2/dlight:/home/jose/netbeans-8.2/groovy:/home/jose/netbeans-8.2/extra:/home/jose/netbeans-8.2/javacard:/home/jose/netbeans-8.2/javafx:" />
    <property name="java.ext.dirs" value="/home/jose/jdk1.8.0_111/jre/lib/ext:/usr/java/packages/lib/ext" />
    <property name="libs.absolutelayout.classpath" value="/home/jose/netbeans-8.2/java/modules/ext/AbsoluteLayout.jar" />
    <property name="excludes" value="" />
    <property name="libs.jpa2-persistence.javadoc" value="/home/jose/netbeans-8.2/java/modules/ext/docs/javax.persistence-2.1.0-doc.zip" />
    <property name="java.class.path" value="/home/jose/netbeans-8.2/ide/modules/ext/mysql-connector-java-5.1.23-bin.jar:/home/jose/Downloads/itextpdf-5.5.10.jar:/home/jose/Desktop/Desempenho-Tecnico/build/classes:/home/jose/netbeans-8.2/platform/modules/ext/junit-4.12.jar:/home/jose/netbeans-8.2/platform/modules/ext/hamcrest-core-1.3.jar:/home/jose/Desktop/Desempenho-Tecnico/build/test/classes:/home/jose/netbeans-8.2/extide/ant/lib/ant-launcher.jar:/home/jose/netbeans-8.2/extide/ant/lib/ant.jar:/home/jose/netbeans-8.2/extide/ant/lib/ant-junit.jar:/home/jose/netbeans-8.2/extide/ant/lib/ant-junit4.jar" />
    <property name="apple.laf.useScreenMenuBar" value="true" />
    <property name="addExports:java.desktop/java.awt.peer" value="ALL-UNNAMED" />
    <property name="addExports:java.desktop/com.sun.beans.editors" value="ALL-UNNAMED" />
    <property name="do.mkdist" value="true" />
    <property name="libs.absolutelayout.src" value="" />
    <property name="libs.jpa20-persistence.classpath" value="/home/jose/netbeans-8.2/java/modules/ext/eclipselink/javax.persistence_2.1.0.v201304241213.jar" />
    <property name="os.version" value="5.1.8-arch1-1-ARCH" />
    <property name="application.args" value="" />
    <property name="sun.awt.enableExtraMouseButtons" value="true" />
    <property name="main.class.available" value="true" />
    <property name="libs.hibernate4-persistence.src" value="" />
    <property name="libs.hibernate4-support.maven-pom" value="" />
    <property name="libs.JAXB-ENDORSED.classpath" value="/home/jose/netbeans-8.2/ide/modules/ext/jaxb/api/jaxb-api.jar" />
    <property name="nb.internal.action.name" value="run.single" />
    <property name="libs.eclipselink.classpath" value="/home/jose/netbeans-8.2/java/modules/ext/eclipselink/eclipselink.jar:/home/jose/netbeans-8.2/java/modules/ext/eclipselink/javax.persistence_2.1.0.v201304241213.jar:/home/jose/netbeans-8.2/java/modules/ext/eclipselink/org.eclipse.persistence.jpa.jpql_2.5.2.v20140319-9ad6abd.jar" />
    <property name="libs.beans-binding.javadoc" value="/home/jose/netbeans-8.2/java/docs/beansbinding-1.2.1-doc.zip" />
    <property name="java.awt.graphicsenv" value="sun.awt.X11GraphicsEnvironment" />
    <property name="java.vm.vendor" value="Oracle Corporation" />
    <property name="libs.CopyLibs.classpath" value="/home/jose/netbeans-8.2/java/ant/extra/org-netbeans-modules-java-j2seproject-copylibstask.jar" />
    <property name="libs.spring-framework300.classpath" value="/home/jose/netbeans-8.2/ide/modules/org-apache-commons-logging.jar:/home/jose/netbeans-8.2/java/modules/ext/cglib-2.2.jar:/home/jose/netbeans-8.2/java/modules/ext/spring-3.0/spring-aop-3.2.7.RELEASE.jar:/home/jose/netbeans-8.2/java/modules/ext/spring-3.0/spring-aspects-3.2.7.RELEASE.jar:/home/jose/netbeans-8.2/java/modules/ext/spring-3.0/spring-beans-3.2.7.RELEASE.jar:/home/jose/netbeans-8.2/java/modules/ext/spring-3.0/spring-build-src-3.2.7.RELEASE.jar:/home/jose/netbeans-8.2/java/modules/ext/spring-3.0/spring-context-3.2.7.RELEASE.jar:/home/jose/netbeans-8.2/java/modules/ext/spring-3.0/spring-context-support-3.2.7.RELEASE.jar:/home/jose/netbeans-8.2/java/modules/ext/spring-3.0/spring-core-3.2.7.RELEASE.jar:/home/jose/netbeans-8.2/java/modules/ext/spring-3.0/spring-expression-3.2.7.RELEASE.jar:/home/jose/netbeans-8.2/java/modules/ext/spring-3.0/spring-framework-bom-3.2.7.RELEASE.jar:/home/jose/netbeans-8.2/java/modules/ext/spring-3.0/spring-instrument-3.2.7.RELEASE.jar:/home/jose/netbeans-8.2/java/modules/ext/spring-3.0/spring-instrument-tomcat-3.2.7.RELEASE.jar:/home/jose/netbeans-8.2/java/modules/ext/spring-3.0/spring-jdbc-3.2.7.RELEASE.jar:/home/jose/netbeans-8.2/java/modules/ext/spring-3.0/spring-jms-3.2.7.RELEASE.jar:/home/jose/netbeans-8.2/java/modules/ext/spring-3.0/spring-orm-3.2.7.RELEASE.jar:/home/jose/netbeans-8.2/java/modules/ext/spring-3.0/spring-oxm-3.2.7.RELEASE.jar:/home/jose/netbeans-8.2/java/modules/ext/spring-3.0/spring-struts-3.2.7.RELEASE.jar:/home/jose/netbeans-8.2/java/modules/ext/spring-3.0/spring-test-3.2.7.RELEASE.jar:/home/jose/netbeans-8.2/java/modules/ext/spring-3.0/spring-tx-3.2.7.RELEASE.jar:/home/jose/netbeans-8.2/java/modules/ext/spring-3.0/spring-web-3.2.7.RELEASE.jar:/home/jose/netbeans-8.2/java/modules/ext/spring-3.0/spring-webmvc-3.2.7.RELEASE.jar:/home/jose/netbeans-8.2/java/modules/ext/spring-3.0/spring-webmvc-portlet-3.2.7.RELEASE.jar" />
    <property name="libs.hamcrest.src" value="" />
    <property name="run.jvmargs" value="" />
    <property name="libs.hibernate4-persistence.classpath" value="/home/jose/netbeans-8.2/java/modules/ext/hibernate4/antlr-2.7.7.jar:/home/jose/netbeans-8.2/java/modules/ext/hibernate4/c3p0-0.9.2.1.jar:/home/jose/netbeans-8.2/java/modules/ext/hibernate4/hibernate-c3p0-4.3.1.Final.jar:/home/jose/netbeans-8.2/java/modules/ext/hibernate4/mchange-commons-java-0.2.3.4.jar:/home/jose/netbeans-8.2/java/modules/ext/hibernate4/dom4j-1.6.1.jar:/home/jose/netbeans-8.2/java/modules/ext/hibernate4/ehcache-core-2.4.3.jar:/home/jose/netbeans-8.2/java/modules/ext/hibernate4/hibernate-ehcache-4.3.1.Final.jar:/home/jose/netbeans-8.2/java/modules/ext/hibernate4/hibernate-core-4.3.1.Final.jar:/home/jose/netbeans-8.2/java/modules/ext/hibernate4/jboss-logging-3.1.3.GA.jar:/home/jose/netbeans-8.2/java/modules/ext/hibernate4/hibernate-commons-annotations-4.0.4.Final.jar:/home/jose/netbeans-8.2/java/modules/ext/hibernate4/hibernate-entitymanager-4.3.1.Final.jar:/home/jose/netbeans-8.2/java/modules/ext/hibernate4/javassist-3.18.1-GA.jar:/home/jose/netbeans-8.2/java/modules/ext/hibernate4/jboss-transaction-api_1.2_spec-1.0.0.Final.jar:/home/jose/netbeans-8.2/java/modules/ext/hibernate4/slf4j-api-1.6.1.jar:/home/jose/netbeans-8.2/java/modules/ext/hibernate4/slf4j-simple-1.6.1.jar:/home/jose/netbeans-8.2/java/modules/ext/hibernate4/hibernate-jpa-2.1-api-1.0.0.Final.jar" />
    <property name="libs.JAXB-ENDORSED.src" value="" />
    <property name="dist.archive.excludes" value="" />
    <property name="libs.testng.javadoc" value="/home/jose/netbeans-8.2/platform/docs/testng-6.8.1-javadoc.zip" />
    <property name="libs.PostgreSQLDriver.classpath" value="/home/jose/netbeans-8.2/ide/modules/ext/postgresql-9.4.1209.jar" />
    <property name="libs.hibernate4-persistencemodelgen.classpath" value="/home/jose/netbeans-8.2/java/modules/ext/hibernate4/hibernate-jpamodelgen-4.3.1.Final.jar" />
    <property name="annotation.processing.source.output" value="build/generated-sources/ap-source-output" />
    <property name="main.class" value="model.Main" />
    <property name="libs.CopyLibs.src" value="" />
    <property name="build.dir" value="build" />
    <property name="ant.version" value="Apache Ant(TM) version 1.9.7 compiled on April 9 2016" />
    <property name="file.encoding" value="UTF-8" />
    <property name="build.classes.excludes" value="**/*.java,**/*.form" />
    <property name="javadoc.nonavbar" value="false" />
    <property name="jdkBug6558476" value="false" />
    <property name="platform.active" value="default_platform" />
    <property name="awt.toolkit" value="sun.awt.X11.XToolkit" />
  </properties>
  <testcase classname="dao.DaoDesempenhoIT" name="testExcluir" time="1.315" />
  <testcase classname="dao.DaoDesempenhoIT" name="testAtualizar" time="0.154" />
  <testcase classname="dao.DaoDesempenhoIT" name="testBuscar" time="0.096" />
  <testcase classname="dao.DaoDesempenhoIT" name="testInserir" time="0.182" />
  <system-out><![CDATA[excluir-Desempenho
atualizar-Desempenho
buscar-Desempenho
inserir-Desempenho
]]></system-out>
  <system-err><![CDATA[]]></system-err>
</testsuite>
